<?xml version="1.0" encoding="UTF-8"?>
<testsuite xmlns:xsi="http://www.w3.org/2001/XMLSchema-instance" xsi:noNamespaceSchemaLocation="https://maven.apache.org/surefire/maven-surefire-plugin/xsd/surefire-test-report.xsd" name="cs305_pro.acadofficeTest" time="1.381" tests="1" errors="1" skipped="0" failures="0">
  <properties>
[...]
</properties>
  <testcase name="testViewGradesOfAllStudents" classname="cs305_pro.acadofficeTest" time="1.31">
    <error message="Cannot invoke &quot;java.sql.PreparedStatement.executeQuery()&quot; because &quot;statement&quot; is null" type="java.lang.NullPointerException">java.lang.NullPointerException: Cannot invoke "java.sql.PreparedStatement.executeQuery()" because "statement" is null
	at cs305_pro.acadofficeTest.testViewGradesOfAllStudents(acadofficeTest.java:64)
</error>
  </testcase>
</testsuite>